<?xml version="1.0" encoding="UTF-8"?>
<!-- Generated by org.testng.reporters.JUnitReportReporter -->
<testsuite hostname="Sushant.local" name="onboarding.TC003_second_intro" tests="1" failures="0" timestamp="5 Jun 2018 08:13:02 GMT" time="33.120" errors="0">
  <testcase name="second_intro_test" time="33.120" classname="onboarding.TC003_second_intro"/>
</testsuite> <!-- onboarding.TC003_second_intro -->
