<?xml version="1.0" encoding="UTF-8"?>
<!-- Generated by org.testng.reporters.JUnitReportReporter -->
<testsuite hostname="Krishna-Godse.local" name="draw.TC002_Draw_IncorrectAnswer" tests="2" failures="0" timestamp="12 Jun 2018 07:58:19 GMT" time="150.505" errors="2">
  <testcase name="signIn" time="150.497" classname="draw.TC002_Draw_IncorrectAnswer">
    <error type="org.openqa.selenium.remote.SessionNotFoundException" message="A session is either terminated or not started (WARNING: The server did not provide any stacktrace information)
Command duration or timeout: 131.56 seconds
Build info: version: &#039;2.53.1&#039;, revision: &#039;a36b8b1cd5757287168e54b817830adce9b0158d&#039;, time: &#039;2016-06-30 19:26:09&#039;
System info: host: &#039;Krishna-Godse.local&#039;, ip: &#039;192.168.0.77&#039;, os.name: &#039;Mac OS X&#039;, os.arch: &#039;x86_64&#039;, os.version: &#039;10.12.6&#039;, java.version: &#039;1.8.0_92&#039;
Driver info: io.appium.java_client.android.AndroidDriver
Capabilities [{app=/Users/apple/Desktop/krishnag/appdebug.apk, appPackage=in.interactive.luckystars, deviceScreenSize=720x1280, networkConnectionEnabled=true, warnings={}, appWaitPackage=in.interactive.luckystars, appWaitActivity=in.interactive.luckystars.ui.startup.SplashActivity, databaseEnabled=false, deviceName=ZY2224NBCM, platform=LINUX, deviceUDID=ZY2224NBCM, appActivity=in.interactive.luckystars.ui.startup.SplashActivity, desired={app=/Users/apple/Desktop/krishnag/appdebug.apk, platformName=Android, deviceName=F5AZFG14R535}, platformVersion=6.0.1, webStorageEnabled=false, locationContextEnabled=false, takesScreenshot=true, javascriptEnabled=true, deviceModel=MotoG3, platformName=Android, deviceManufacturer=motorola}]
Session ID: 66a28a2e-16b6-47f6-b293-96d699def4cc">
      <![CDATA[org.openqa.selenium.remote.SessionNotFoundException: A session is either terminated or not started (WARNING: The server did not provide any stacktrace information)
Command duration or timeout: 131.56 seconds
Build info: version: '2.53.1', revision: 'a36b8b1cd5757287168e54b817830adce9b0158d', time: '2016-06-30 19:26:09'
System info: host: 'Krishna-Godse.local', ip: '192.168.0.77', os.name: 'Mac OS X', os.arch: 'x86_64', os.version: '10.12.6', java.version: '1.8.0_92'
Driver info: io.appium.java_client.android.AndroidDriver
Capabilities [{app=/Users/apple/Desktop/krishnag/appdebug.apk, appPackage=in.interactive.luckystars, deviceScreenSize=720x1280, networkConnectionEnabled=true, warnings={}, appWaitPackage=in.interactive.luckystars, appWaitActivity=in.interactive.luckystars.ui.startup.SplashActivity, databaseEnabled=false, deviceName=ZY2224NBCM, platform=LINUX, deviceUDID=ZY2224NBCM, appActivity=in.interactive.luckystars.ui.startup.SplashActivity, desired={app=/Users/apple/Desktop/krishnag/appdebug.apk, platformName=Android, deviceName=F5AZFG14R535}, platformVersion=6.0.1, webStorageEnabled=false, locationContextEnabled=false, takesScreenshot=true, javascriptEnabled=true, deviceModel=MotoG3, platformName=Android, deviceManufacturer=motorola}]
Session ID: 66a28a2e-16b6-47f6-b293-96d699def4cc
	at sun.reflect.NativeConstructorAccessorImpl.newInstance0(Native Method)
	at sun.reflect.NativeConstructorAccessorImpl.newInstance(NativeConstructorAccessorImpl.java:62)
	at sun.reflect.DelegatingConstructorAccessorImpl.newInstance(DelegatingConstructorAccessorImpl.java:45)
	at java.lang.reflect.Constructor.newInstance(Constructor.java:423)
	at org.openqa.selenium.remote.ErrorHandler.createThrowable(ErrorHandler.java:206)
	at org.openqa.selenium.remote.ErrorHandler.throwIfResponseFailed(ErrorHandler.java:158)
	at org.openqa.selenium.remote.RemoteWebDriver.execute(RemoteWebDriver.java:678)
	at io.appium.java_client.AppiumDriver.execute(AppiumDriver.java:180)
	at org.openqa.selenium.remote.RemoteWebElement.execute(RemoteWebElement.java:327)
	at org.openqa.selenium.remote.RemoteWebElement.sendKeys(RemoteWebElement.java:122)
	at draw.TC002_Draw_IncorrectAnswer.signIn(TC002_Draw_IncorrectAnswer.java:82)
	at sun.reflect.NativeMethodAccessorImpl.invoke0(Native Method)
	at sun.reflect.NativeMethodAccessorImpl.invoke(NativeMethodAccessorImpl.java:62)
	at sun.reflect.DelegatingMethodAccessorImpl.invoke(DelegatingMethodAccessorImpl.java:43)
	at java.lang.reflect.Method.invoke(Method.java:498)
	at org.testng.internal.MethodInvocationHelper.invokeMethod(MethodInvocationHelper.java:86)
	at org.testng.internal.Invoker.invokeMethod(Invoker.java:643)
	at org.testng.internal.Invoker.invokeTestMethod(Invoker.java:820)
	at org.testng.internal.Invoker.invokeTestMethods(Invoker.java:1128)
	at org.testng.internal.TestMethodWorker.invokeTestMethods(TestMethodWorker.java:129)
	at org.testng.internal.TestMethodWorker.run(TestMethodWorker.java:112)
	at org.testng.TestRunner.privateRun(TestRunner.java:782)
	at org.testng.TestRunner.run(TestRunner.java:632)
	at org.testng.SuiteRunner.runTest(SuiteRunner.java:366)
	at org.testng.SuiteRunner.runSequentially(SuiteRunner.java:361)
	at org.testng.SuiteRunner.privateRun(SuiteRunner.java:319)
	at org.testng.SuiteRunner.run(SuiteRunner.java:268)
	at org.testng.SuiteRunnerWorker.runSuite(SuiteRunnerWorker.java:52)
	at org.testng.SuiteRunnerWorker.run(SuiteRunnerWorker.java:86)
	at org.testng.TestNG.runSuitesSequentially(TestNG.java:1244)
	at org.testng.TestNG.runSuitesLocally(TestNG.java:1169)
	at org.testng.TestNG.run(TestNG.java:1064)
	at org.testng.remote.AbstractRemoteTestNG.run(AbstractRemoteTestNG.java:132)
	at org.testng.remote.RemoteTestNG.initAndRun(RemoteTestNG.java:236)
	at org.testng.remote.RemoteTestNG.main(RemoteTestNG.java:81)
]]>
    </error>
  </testcase> <!-- signIn -->
  <testcase name="partcipateDraw" time="0.008" classname="draw.TC002_Draw_IncorrectAnswer">
    <error type="org.openqa.selenium.remote.SessionNotFoundException" message="A session is either terminated or not started (WARNING: The server did not provide any stacktrace information)
Command duration or timeout: 6 milliseconds
Build info: version: &#039;2.53.1&#039;, revision: &#039;a36b8b1cd5757287168e54b817830adce9b0158d&#039;, time: &#039;2016-06-30 19:26:09&#039;
System info: host: &#039;Krishna-Godse.local&#039;, ip: &#039;192.168.0.77&#039;, os.name: &#039;Mac OS X&#039;, os.arch: &#039;x86_64&#039;, os.version: &#039;10.12.6&#039;, java.version: &#039;1.8.0_92&#039;
Driver info: io.appium.java_client.android.AndroidDriver
Capabilities [{app=/Users/apple/Desktop/krishnag/appdebug.apk, appPackage=in.interactive.luckystars, deviceScreenSize=720x1280, networkConnectionEnabled=true, warnings={}, appWaitPackage=in.interactive.luckystars, appWaitActivity=in.interactive.luckystars.ui.startup.SplashActivity, databaseEnabled=false, deviceName=ZY2224NBCM, platform=LINUX, deviceUDID=ZY2224NBCM, appActivity=in.interactive.luckystars.ui.startup.SplashActivity, desired={app=/Users/apple/Desktop/krishnag/appdebug.apk, platformName=Android, deviceName=F5AZFG14R535}, platformVersion=6.0.1, webStorageEnabled=false, locationContextEnabled=false, takesScreenshot=true, javascriptEnabled=true, deviceModel=MotoG3, platformName=Android, deviceManufacturer=motorola}]
Session ID: 66a28a2e-16b6-47f6-b293-96d699def4cc">
      <![CDATA[org.openqa.selenium.remote.SessionNotFoundException: A session is either terminated or not started (WARNING: The server did not provide any stacktrace information)
Command duration or timeout: 6 milliseconds
Build info: version: '2.53.1', revision: 'a36b8b1cd5757287168e54b817830adce9b0158d', time: '2016-06-30 19:26:09'
System info: host: 'Krishna-Godse.local', ip: '192.168.0.77', os.name: 'Mac OS X', os.arch: 'x86_64', os.version: '10.12.6', java.version: '1.8.0_92'
Driver info: io.appium.java_client.android.AndroidDriver
Capabilities [{app=/Users/apple/Desktop/krishnag/appdebug.apk, appPackage=in.interactive.luckystars, deviceScreenSize=720x1280, networkConnectionEnabled=true, warnings={}, appWaitPackage=in.interactive.luckystars, appWaitActivity=in.interactive.luckystars.ui.startup.SplashActivity, databaseEnabled=false, deviceName=ZY2224NBCM, platform=LINUX, deviceUDID=ZY2224NBCM, appActivity=in.interactive.luckystars.ui.startup.SplashActivity, desired={app=/Users/apple/Desktop/krishnag/appdebug.apk, platformName=Android, deviceName=F5AZFG14R535}, platformVersion=6.0.1, webStorageEnabled=false, locationContextEnabled=false, takesScreenshot=true, javascriptEnabled=true, deviceModel=MotoG3, platformName=Android, deviceManufacturer=motorola}]
Session ID: 66a28a2e-16b6-47f6-b293-96d699def4cc
	at sun.reflect.NativeConstructorAccessorImpl.newInstance0(Native Method)
	at sun.reflect.NativeConstructorAccessorImpl.newInstance(NativeConstructorAccessorImpl.java:62)
	at sun.reflect.DelegatingConstructorAccessorImpl.newInstance(DelegatingConstructorAccessorImpl.java:45)
	at java.lang.reflect.Constructor.newInstance(Constructor.java:423)
	at org.openqa.selenium.remote.ErrorHandler.createThrowable(ErrorHandler.java:206)
	at org.openqa.selenium.remote.ErrorHandler.throwIfResponseFailed(ErrorHandler.java:158)
	at org.openqa.selenium.remote.RemoteWebDriver.execute(RemoteWebDriver.java:678)
	at io.appium.java_client.AppiumDriver.execute(AppiumDriver.java:180)
	at io.appium.java_client.AppiumDriver.performTouchAction(AppiumDriver.java:304)
	at io.appium.java_client.TouchAction.perform(TouchAction.java:253)
	at io.appium.java_client.AppiumDriver.swipe(AppiumDriver.java:359)
	at config.swipe.verticalSwipeBtU(swipe.java:23)
	at draw.TC002_Draw_IncorrectAnswer.partcipateDraw(TC002_Draw_IncorrectAnswer.java:95)
	at sun.reflect.NativeMethodAccessorImpl.invoke0(Native Method)
	at sun.reflect.NativeMethodAccessorImpl.invoke(NativeMethodAccessorImpl.java:62)
	at sun.reflect.DelegatingMethodAccessorImpl.invoke(DelegatingMethodAccessorImpl.java:43)
	at java.lang.reflect.Method.invoke(Method.java:498)
	at org.testng.internal.MethodInvocationHelper.invokeMethod(MethodInvocationHelper.java:86)
	at org.testng.internal.Invoker.invokeMethod(Invoker.java:643)
	at org.testng.internal.Invoker.invokeTestMethod(Invoker.java:820)
	at org.testng.internal.Invoker.invokeTestMethods(Invoker.java:1128)
	at org.testng.internal.TestMethodWorker.invokeTestMethods(TestMethodWorker.java:129)
	at org.testng.internal.TestMethodWorker.run(TestMethodWorker.java:112)
	at org.testng.TestRunner.privateRun(TestRunner.java:782)
	at org.testng.TestRunner.run(TestRunner.java:632)
	at org.testng.SuiteRunner.runTest(SuiteRunner.java:366)
	at org.testng.SuiteRunner.runSequentially(SuiteRunner.java:361)
	at org.testng.SuiteRunner.privateRun(SuiteRunner.java:319)
	at org.testng.SuiteRunner.run(SuiteRunner.java:268)
	at org.testng.SuiteRunnerWorker.runSuite(SuiteRunnerWorker.java:52)
	at org.testng.SuiteRunnerWorker.run(SuiteRunnerWorker.java:86)
	at org.testng.TestNG.runSuitesSequentially(TestNG.java:1244)
	at org.testng.TestNG.runSuitesLocally(TestNG.java:1169)
	at org.testng.TestNG.run(TestNG.java:1064)
	at org.testng.remote.AbstractRemoteTestNG.run(AbstractRemoteTestNG.java:132)
	at org.testng.remote.RemoteTestNG.initAndRun(RemoteTestNG.java:236)
	at org.testng.remote.RemoteTestNG.main(RemoteTestNG.java:81)
]]>
    </error>
  </testcase> <!-- partcipateDraw -->
</testsuite> <!-- draw.TC002_Draw_IncorrectAnswer -->
