<?xml version="1.0" encoding="UTF-8"?>
<!-- Generated by org.testng.reporters.JUnitReportReporter -->
<testsuite hostname="Sushant.local" name="home.TC003_play_navigation" tests="1" failures="0" timestamp="6 Jun 2018 10:15:51 GMT" time="59.015" errors="0">
  <testcase name="play_navigation_test" time="59.015" classname="home.TC003_play_navigation"/>
</testsuite> <!-- home.TC003_play_navigation -->
