<?xml version="1.0" encoding="UTF-8"?>
<!-- Generated by org.testng.reporters.JUnitReportReporter -->
<testsuite hostname="Krishna-Godse.local" name="FantasyContest.TC004_partcipatedEntries" tests="2" failures="0" timestamp="24 May 2018 11:42:32 GMT" time="40.221" errors="0">
  <testcase name="signIn" time="21.811" classname="FantasyContest.TC004_partcipatedEntries"/>
  <testcase name="partcipatedEntries" time="18.410" classname="FantasyContest.TC004_partcipatedEntries"/>
</testsuite> <!-- FantasyContest.TC004_partcipatedEntries -->
