<?xml version="1.0" encoding="UTF-8"?>
<!-- Generated by org.testng.reporters.JUnitReportReporter -->
<testsuite hostname="Sushant.local" name="onboarding.TC017_valid_OTP" tests="1" failures="0" timestamp="5 Jun 2018 08:13:02 GMT" time="49.390" errors="0">
  <testcase name="Onboard_Test" time="49.390" classname="onboarding.TC017_valid_OTP"/>
</testsuite> <!-- onboarding.TC017_valid_OTP -->
