<?xml version="1.0" encoding="UTF-8"?>
<!-- Generated by org.testng.reporters.JUnitReportReporter -->
<testsuite hostname="Sushant.local" name="home.TC006_stars_navigation" tests="1" failures="0" timestamp="6 Jun 2018 10:15:51 GMT" time="53.864" errors="0">
  <testcase name="stars_navigation_test" time="53.864" classname="home.TC006_stars_navigation"/>
</testsuite> <!-- home.TC006_stars_navigation -->
