<?xml version="1.0" encoding="UTF-8"?>
<!-- Generated by org.testng.reporters.JUnitReportReporter -->
<testsuite hostname="Sushant.local" name="onboarding.TC016_invalid_OTP_alert_pop_up" tests="1" failures="0" timestamp="5 Jun 2018 08:13:02 GMT" time="44.189" errors="0">
  <testcase name="Onboard_Test" time="44.189" classname="onboarding.TC016_invalid_OTP_alert_pop_up"/>
</testsuite> <!-- onboarding.TC016_invalid_OTP_alert_pop_up -->
