<?xml version="1.0" encoding="UTF-8"?>
<!-- Generated by org.testng.reporters.JUnitReportReporter -->
<testsuite hostname="Krishna-Godse.local" name="Bid.TC004_yourBids" tests="2" failures="0" timestamp="7 Jun 2018 09:53:01 GMT" time="48.253" errors="0">
  <testcase name="signIn" time="23.540" classname="Bid.TC004_yourBids"/>
  <testcase name="yourBids" time="24.713" classname="Bid.TC004_yourBids"/>
</testsuite> <!-- Bid.TC004_yourBids -->
