<?xml version="1.0" encoding="UTF-8"?>
<!-- Generated by org.testng.reporters.JUnitReportReporter -->
<testsuite hostname="Sushant.local" name="profile.TC021_profile_How_To_Videos" tests="1" failures="0" timestamp="5 Jun 2018 10:38:39 GMT" time="58.409" errors="0">
  <testcase name="profile_gallery_test" time="58.409" classname="profile.TC021_profile_How_To_Videos"/>
</testsuite> <!-- profile.TC021_profile_How_To_Videos -->
