<?xml version="1.0" encoding="UTF-8"?>
<!-- Generated by org.testng.reporters.JUnitReportReporter -->
<testsuite hostname="Sushant.local" name="profile.TC008_valid_birthdate" tests="1" failures="0" timestamp="23 Apr 2018 13:09:30 GMT" time="63.454" errors="0">
  <testcase name="profile_gallery_test" time="63.454" classname="profile.TC008_valid_birthdate"/>
</testsuite> <!-- profile.TC008_valid_birthdate -->
