<?xml version="1.0" encoding="UTF-8"?>
<!-- Generated by org.testng.reporters.JUnitReportReporter -->
<testsuite hostname="Krishna-Godse.local" name="Bid.TC001_SingleBid" tests="2" failures="0" timestamp="7 Jun 2018 09:13:47 GMT" time="43.873" errors="0">
  <testcase name="singleBid" time="20.727" classname="Bid.TC001_SingleBid"/>
  <testcase name="signIn" time="23.146" classname="Bid.TC001_SingleBid"/>
</testsuite> <!-- Bid.TC001_SingleBid -->
