<?xml version="1.0" encoding="UTF-8"?>
<!-- Generated by org.testng.reporters.JUnitReportReporter -->
<testsuite hostname="Sushant.local" name="profile.TC003_profile_detail_luckycharms" tests="1" failures="0" timestamp="5 Jun 2018 10:38:39 GMT" time="71.280" errors="0">
  <testcase name="profile_luckycharms_test" time="71.280" classname="profile.TC003_profile_detail_luckycharms"/>
</testsuite> <!-- profile.TC003_profile_detail_luckycharms -->
