<?xml version="1.0" encoding="UTF-8"?>
<!-- Generated by org.testng.reporters.JUnitReportReporter -->
<testsuite hostname="Krishna-Godse.local" name="FantasyContest.TC001_particpateFantasyContest" tests="2" failures="0" timestamp="24 May 2018 11:23:19 GMT" time="48.660" errors="0">
  <testcase name="signIn" time="20.783" classname="FantasyContest.TC001_particpateFantasyContest"/>
  <testcase name="participateFantasyContest" time="27.877" classname="FantasyContest.TC001_particpateFantasyContest"/>
</testsuite> <!-- FantasyContest.TC001_particpateFantasyContest -->
