<?xml version="1.0" encoding="UTF-8"?>
<!-- Generated by org.testng.reporters.JUnitReportReporter -->
<testsuite hostname="Krishna-Godse.local" name="FantasyContest.TC003_poolJoined" tests="2" failures="0" timestamp="23 May 2018 12:22:28 GMT" time="49.644" errors="0">
  <testcase name="poolJoined" time="2.265" classname="FantasyContest.TC003_poolJoined"/>
  <testcase name="signIn" time="47.379" classname="FantasyContest.TC003_poolJoined"/>
</testsuite> <!-- FantasyContest.TC003_poolJoined -->
