<?xml version="1.0" encoding="UTF-8"?>
<!-- Generated by org.testng.reporters.JUnitReportReporter -->
<testsuite hostname="Sushant.local" name="winners.TC001_quizzes_navigation" tests="1" failures="0" timestamp="7 Jun 2018 07:17:05 GMT" time="57.782" errors="0">
  <testcase name="winners_navigation_test" time="57.782" classname="winners.TC001_quizzes_navigation"/>
</testsuite> <!-- winners.TC001_quizzes_navigation -->
