<?xml version="1.0" encoding="UTF-8"?>
<!-- Generated by org.testng.reporters.JUnitReportReporter -->
<testsuite hostname="Sushant.local" name="profile.TC001_profile_navigation" tests="1" failures="0" timestamp="5 Jun 2018 10:38:38 GMT" time="90.121" errors="0">
  <testcase name="profile_navigation_test" time="90.121" classname="profile.TC001_profile_navigation"/>
</testsuite> <!-- profile.TC001_profile_navigation -->
