<?xml version="1.0" encoding="UTF-8"?>
<!-- Generated by org.testng.reporters.JUnitReportReporter -->
<testsuite hostname="Sushant.local" name="onboarding.TC007_continue_button" tests="1" failures="0" timestamp="5 Jun 2018 08:13:02 GMT" time="34.478" errors="0">
  <testcase name="continue_button_test" time="34.478" classname="onboarding.TC007_continue_button"/>
</testsuite> <!-- onboarding.TC007_continue_button -->
