<?xml version="1.0" encoding="UTF-8"?>
<!-- Generated by org.testng.reporters.JUnitReportReporter -->
<testsuite hostname="Sushant.local" name="profile.TC008_valid_pincode" tests="1" failures="0" timestamp="25 Apr 2018 06:51:03 GMT" time="56.222" errors="0">
  <testcase name="profile_gallery_test" time="56.222" classname="profile.TC008_valid_pincode"/>
</testsuite> <!-- profile.TC008_valid_pincode -->
