<?xml version="1.0" encoding="UTF-8"?>
<!-- Generated by org.testng.reporters.JUnitReportReporter -->
<testsuite hostname="Sushant.local" name="earn.TC002_share_now" tests="1" failures="0" timestamp="7 Jun 2018 09:34:14 GMT" time="59.584" errors="0">
  <testcase name="earn_navigation_test" time="59.584" classname="earn.TC002_share_now"/>
</testsuite> <!-- earn.TC002_share_now -->
