<?xml version="1.0" encoding="UTF-8"?>
<!-- Generated by org.testng.reporters.JUnitReportReporter -->
<testsuite hostname="Sushant.local" name="profile.TC023_profile_faq" tests="1" failures="0" timestamp="5 Jun 2018 10:38:39 GMT" time="61.150" errors="0">
  <testcase name="profile_gallery_test" time="61.150" classname="profile.TC023_profile_faq"/>
</testsuite> <!-- profile.TC023_profile_faq -->
