<?xml version="1.0" encoding="UTF-8"?>
<!-- Generated by org.testng.reporters.JUnitReportReporter -->
<testsuite hostname="Sushant.local" name="onboarding.TC011_confirm_button" tests="1" failures="0" timestamp="5 Jun 2018 08:13:02 GMT" time="36.522" errors="0">
  <testcase name="confirm_button_test" time="36.522" classname="onboarding.TC011_confirm_button"/>
</testsuite> <!-- onboarding.TC011_confirm_button -->
