<?xml version="1.0" encoding="UTF-8"?>
<!-- Generated by org.testng.reporters.JUnitReportReporter -->
<testsuite hostname="Sushant.local" name="onboarding.TC001_first_intro" tests="1" failures="0" timestamp="5 Jun 2018 08:13:02 GMT" time="23.505" errors="0">
  <testcase name="first_intro_test" time="23.505" classname="onboarding.TC001_first_intro"/>
</testsuite> <!-- onboarding.TC001_first_intro -->
