<?xml version="1.0" encoding="UTF-8"?>
<!-- Generated by org.testng.reporters.JUnitReportReporter -->
<testsuite hostname="Sushant.local" name="onboarding.TC002_skip_intro_button" tests="1" failures="0" timestamp="5 Jun 2018 08:13:02 GMT" time="30.723" errors="0">
  <testcase name="skip_intro_button_test" time="30.723" classname="onboarding.TC002_skip_intro_button"/>
</testsuite> <!-- onboarding.TC002_skip_intro_button -->
