<?xml version="1.0" encoding="UTF-8"?>
<!-- Generated by org.testng.reporters.JUnitReportReporter -->
<testsuite hostname="Sushant.local" name="profile.TC007_profile_detail_valid_last_name" tests="1" failures="0" timestamp="5 Jun 2018 10:38:39 GMT" time="159.039" errors="0">
  <testcase name="profile_gallery_test" time="159.039" classname="profile.TC007_profile_detail_valid_last_name"/>
</testsuite> <!-- profile.TC007_profile_detail_valid_last_name -->
