<?xml version="1.0" encoding="UTF-8"?>
<!-- Generated by org.testng.reporters.JUnitReportReporter -->
<testsuite hostname="Sushant.local" name="profile.TC018_profile_bids" tests="1" failures="0" timestamp="5 Jun 2018 10:38:39 GMT" time="59.192" errors="0">
  <testcase name="profile_gallery_test" time="59.192" classname="profile.TC018_profile_bids"/>
</testsuite> <!-- profile.TC018_profile_bids -->
