<?xml version="1.0" encoding="UTF-8"?>
<!-- Generated by org.testng.reporters.JUnitReportReporter -->
<testsuite hostname="Sushant.local" name="profile.TC025_profile_legal" tests="1" failures="0" timestamp="5 Jun 2018 10:38:39 GMT" time="131.830" errors="0">
  <testcase name="profile_gallery_test" time="131.830" classname="profile.TC025_profile_legal"/>
</testsuite> <!-- profile.TC025_profile_legal -->
