<?xml version="1.0" encoding="UTF-8"?>
<!-- Generated by org.testng.reporters.JUnitReportReporter -->
<testsuite hostname="Sushant.local" name="onboarding.TC020_invalid_last_name" tests="1" failures="0" timestamp="5 Jun 2018 08:13:02 GMT" time="62.814" errors="0">
  <testcase name="register_test" time="62.814" classname="onboarding.TC020_invalid_last_name"/>
</testsuite> <!-- onboarding.TC020_invalid_last_name -->
