<?xml version="1.0" encoding="UTF-8"?>
<!-- Generated by org.testng.reporters.JUnitReportReporter -->
<testsuite hostname="Sushant.local" name="profile.TC011_profile_detail_edit_gender_feamle" tests="1" failures="0" timestamp="5 Jun 2018 10:38:39 GMT" time="66.941" errors="0">
  <testcase name="profile_gallery_test" time="66.941" classname="profile.TC011_profile_detail_edit_gender_feamle"/>
</testsuite> <!-- profile.TC011_profile_detail_edit_gender_feamle -->
