<?xml version="1.0" encoding="UTF-8"?>
<!-- Generated by org.testng.reporters.JUnitReportReporter -->
<testsuite hostname="Sushant.local" name="stars.TC001_stars_to_coins_conversion" tests="1" failures="0" timestamp="6 Jun 2018 11:45:06 GMT" time="76.739" errors="0">
  <testcase name="stars_navigation_test" time="76.739" classname="stars.TC001_stars_to_coins_conversion"/>
</testsuite> <!-- stars.TC001_stars_to_coins_conversion -->
