<?xml version="1.0" encoding="UTF-8"?>
<!-- Generated by org.testng.reporters.JUnitReportReporter -->
<testsuite hostname="Sushant.local" name="home.TC005_buy_coins_navigation" tests="1" failures="0" timestamp="6 Jun 2018 10:15:51 GMT" time="53.897" errors="0">
  <testcase name="buy_coins_navigation_test" time="53.897" classname="home.TC005_buy_coins_navigation"/>
</testsuite> <!-- home.TC005_buy_coins_navigation -->
