<?xml version="1.0" encoding="UTF-8"?>
<!-- Generated by org.testng.reporters.JUnitReportReporter -->
<testsuite hostname="Sushant.local" name="home.TC002_winners_navigation" tests="1" failures="0" timestamp="6 Jun 2018 10:15:51 GMT" time="55.250" errors="0">
  <testcase name="winners_navigation_test" time="55.250" classname="home.TC002_winners_navigation"/>
</testsuite> <!-- home.TC002_winners_navigation -->
