<?xml version="1.0" encoding="UTF-8"?>
<!-- Generated by org.testng.reporters.JUnitReportReporter -->
<testsuite hostname="Sushant.local" name="profile.TC007_profile_deatil_valid_last_name" tests="1" failures="0" timestamp="22 May 2018 08:03:01 GMT" time="58.021" errors="0">
  <testcase name="profile_gallery_test" time="58.021" classname="profile.TC007_profile_deatil_valid_last_name"/>
</testsuite> <!-- profile.TC007_profile_deatil_valid_last_name -->
