<?xml version="1.0" encoding="UTF-8"?>
<!-- Generated by org.testng.reporters.JUnitReportReporter -->
<testsuite hostname="Sushant.local" name="profile.TC017_profile_quizzes" tests="1" failures="0" timestamp="5 Jun 2018 10:38:38 GMT" time="58.135" errors="0">
  <testcase name="profile_gallery_test" time="58.135" classname="profile.TC017_profile_quizzes"/>
</testsuite> <!-- profile.TC017_profile_quizzes -->
