<?xml version="1.0" encoding="UTF-8"?>
<!-- Generated by org.testng.reporters.JUnitReportReporter -->
<testsuite hostname="Sushant.local" name="onboarding.TC008_invalid_mobile_number_format" tests="1" failures="0" timestamp="5 Jun 2018 08:13:02 GMT" time="38.789" errors="0">
  <testcase name="invalid_mobile_number_format_test" time="38.789" classname="onboarding.TC008_invalid_mobile_number_format"/>
</testsuite> <!-- onboarding.TC008_invalid_mobile_number_format -->
