<?xml version="1.0" encoding="UTF-8"?>
<!-- Generated by org.testng.reporters.JUnitReportReporter -->
<testsuite hostname="Sushant.local" name="profile.TC010_profile_detail_valid_email_id" tests="1" failures="0" timestamp="5 Jun 2018 10:38:39 GMT" time="72.573" errors="0">
  <testcase name="profile_gallery_test" time="72.573" classname="profile.TC010_profile_detail_valid_email_id"/>
</testsuite> <!-- profile.TC010_profile_detail_valid_email_id -->
