<?xml version="1.0" encoding="UTF-8"?>
<!-- Generated by org.testng.reporters.JUnitReportReporter -->
<testsuite hostname="Sushant.local" name="earn.TC001_earn_navigation" tests="1" failures="0" timestamp="7 Jun 2018 09:34:14 GMT" time="57.381" errors="0">
  <testcase name="earn_navigation_test" time="57.381" classname="earn.TC001_earn_navigation"/>
</testsuite> <!-- earn.TC001_earn_navigation -->
