<?xml version="1.0" encoding="UTF-8"?>
<!-- Generated by org.testng.reporters.JUnitReportReporter -->
<testsuite hostname="Sushant.local" name="coins.TC002_buy_coins" tests="1" failures="0" timestamp="8 Jun 2018 10:24:44 GMT" time="76.327" errors="0">
  <testcase name="buy_coins_navigation_test" time="76.327" classname="coins.TC002_buy_coins"/>
</testsuite> <!-- coins.TC002_buy_coins -->
