<?xml version="1.0" encoding="UTF-8"?>
<!-- Generated by org.testng.reporters.JUnitReportReporter -->
<testsuite hostname="Krishna-Godse.local" name="FantasyContest.TC005_fantasyLeaqueEditEntries" tests="2" failures="0" timestamp="24 May 2018 11:57:06 GMT" time="49.340" errors="0">
  <testcase name="signIn" time="21.105" classname="FantasyContest.TC005_fantasyLeaqueEditEntries"/>
  <testcase name="participateFantasyContest" time="28.235" classname="FantasyContest.TC005_fantasyLeaqueEditEntries"/>
</testsuite> <!-- FantasyContest.TC005_fantasyLeaqueEditEntries -->
