<?xml version="1.0" encoding="UTF-8"?>
<!-- Generated by org.testng.reporters.JUnitReportReporter -->
<testsuite hostname="Sushant.local" name="earn.TC003_social_links_exists" tests="1" failures="0" timestamp="7 Jun 2018 09:34:14 GMT" time="58.036" errors="0">
  <testcase name="earn_navigation_test" time="58.036" classname="earn.TC003_social_links_exists"/>
</testsuite> <!-- earn.TC003_social_links_exists -->
