<?xml version="1.0" encoding="UTF-8"?>
<!-- Generated by org.testng.reporters.JUnitReportReporter -->
<testsuite hostname="Krishna-Godse.local" name="quiz.TC002_quizCheckYourAnswers" tests="2" failures="0" timestamp="11 Jun 2018 12:27:17 GMT" time="57.599" errors="0">
  <testcase name="signIn" time="24.582" classname="quiz.TC002_quizCheckYourAnswers"/>
  <testcase name="participateQuiz" time="33.017" classname="quiz.TC002_quizCheckYourAnswers"/>
</testsuite> <!-- quiz.TC002_quizCheckYourAnswers -->
