<?xml version="1.0" encoding="UTF-8"?>
<!-- Generated by org.testng.reporters.JUnitReportReporter -->
<testsuite hostname="Sushant.local" name="profile.TC004_profile_detail_camera" tests="1" failures="0" timestamp="5 Jun 2018 10:38:39 GMT" time="64.571" errors="0">
  <testcase name="profile_luckycharms_test" time="64.571" classname="profile.TC004_profile_detail_camera"/>
</testsuite> <!-- profile.TC004_profile_detail_camera -->
