<?xml version="1.0" encoding="UTF-8"?>
<!-- Generated by org.testng.reporters.JUnitReportReporter -->
<testsuite hostname="Sushant.local" name="onboarding.TC019_invalid_first_name" tests="1" failures="0" timestamp="5 Jun 2018 08:13:02 GMT" time="67.431" errors="0">
  <testcase name="register_test" time="67.431" classname="onboarding.TC019_invalid_first_name"/>
</testsuite> <!-- onboarding.TC019_invalid_first_name -->
