<?xml version="1.0" encoding="UTF-8"?>
<!-- Generated by org.testng.reporters.JUnitReportReporter -->
<testsuite hostname="Krishna-Godse.local" name="sportsQ.TC005_sportsQEditEntries" tests="2" failures="0" timestamp="12 Jun 2018 07:34:38 GMT" time="59.248" errors="0">
  <testcase name="signIn" time="30.698" classname="sportsQ.TC005_sportsQEditEntries"/>
  <testcase name="participateSportsQ" time="28.550" classname="sportsQ.TC005_sportsQEditEntries"/>
</testsuite> <!-- sportsQ.TC005_sportsQEditEntries -->
