<?xml version="1.0" encoding="UTF-8"?>
<!-- Generated by org.testng.reporters.JUnitReportReporter -->
<testsuite hostname="Sushant.local" name="profile.TC016_profile_detail_personal_vehicle" tests="1" failures="0" timestamp="5 Jun 2018 10:38:39 GMT" time="69.346" errors="0">
  <testcase name="profile_gallery_test" time="69.346" classname="profile.TC016_profile_detail_personal_vehicle"/>
</testsuite> <!-- profile.TC016_profile_detail_personal_vehicle -->
