<?xml version="1.0" encoding="UTF-8"?>
<!-- Generated by org.testng.reporters.JUnitReportReporter -->
<testsuite hostname="Sushant.local" name="profile.TC019_profile_detail_marital_status_single" tests="1" failures="0" timestamp="5 Jun 2018 10:38:39 GMT" time="68.063" errors="0">
  <testcase name="profile_gallery_test" time="68.063" classname="profile.TC019_profile_detail_marital_status_single"/>
</testsuite> <!-- profile.TC019_profile_detail_marital_status_single -->
