<?xml version="1.0" encoding="UTF-8"?>
<!-- Generated by org.testng.reporters.JUnitReportReporter -->
<testsuite hostname="Krishna-Godse.local" name="Quiz.TC002_checkouranswers" tests="2" failures="0" timestamp="11 Jun 2018 08:54:47 GMT" time="59.770" errors="0">
  <testcase name="participateQuiz" time="35.307" classname="Quiz.TC002_checkouranswers"/>
  <testcase name="signIn" time="24.463" classname="Quiz.TC002_checkouranswers"/>
</testsuite> <!-- Quiz.TC002_checkouranswers -->
