<?xml version="1.0" encoding="UTF-8"?>
<!-- Generated by org.testng.reporters.JUnitReportReporter -->
<testsuite hostname="Sushant.local" name="onboarding.TC023_sign_in" tests="1" failures="0" timestamp="5 Jun 2018 08:13:02 GMT" time="54.298" errors="0">
  <testcase name="Onboard_Test" time="54.298" classname="onboarding.TC023_sign_in"/>
</testsuite> <!-- onboarding.TC023_sign_in -->
