<?xml version="1.0" encoding="UTF-8"?>
<!-- Generated by org.testng.reporters.JUnitReportReporter -->
<testsuite hostname="Sushant.local" name="profile.TC014_profile_detail_education" tests="1" failures="0" timestamp="5 Jun 2018 10:38:39 GMT" time="65.316" errors="0">
  <testcase name="profile_gallery_test" time="65.316" classname="profile.TC014_profile_detail_education"/>
</testsuite> <!-- profile.TC014_profile_detail_education -->
