<?xml version="1.0" encoding="UTF-8"?>
<!-- Generated by org.testng.reporters.JUnitReportReporter -->
<testsuite hostname="Sushant.local" name="profile.TC012_profile_detail_edit_gender_male" tests="1" failures="0" timestamp="5 Jun 2018 10:38:39 GMT" time="65.242" errors="0">
  <testcase name="profile_gallery_test" time="65.242" classname="profile.TC012_profile_detail_edit_gender_male"/>
</testsuite> <!-- profile.TC012_profile_detail_edit_gender_male -->
