<?xml version="1.0" encoding="UTF-8"?>
<!-- Generated by org.testng.reporters.JUnitReportReporter -->
<testsuite hostname="Krishna-Godse.local" name="sportsQ.TC003_poolJoined" tests="2" failures="0" timestamp="12 Jun 2018 07:34:38 GMT" time="41.196" errors="0">
  <testcase name="signIn" time="33.622" classname="sportsQ.TC003_poolJoined"/>
  <testcase name="poolJoined" time="7.574" classname="sportsQ.TC003_poolJoined"/>
</testsuite> <!-- sportsQ.TC003_poolJoined -->
