<?xml version="1.0" encoding="UTF-8"?>
<!-- Generated by org.testng.reporters.JUnitReportReporter -->
<testsuite hostname="Sushant.local" name="winners.TC005_sportsq_navigation" tests="1" failures="0" timestamp="7 Jun 2018 07:17:05 GMT" time="57.231" errors="0">
  <testcase name="winners_navigation_test" time="57.231" classname="winners.TC005_sportsq_navigation"/>
</testsuite> <!-- winners.TC005_sportsq_navigation -->
