<?xml version="1.0" encoding="UTF-8"?>
<!-- Generated by org.testng.reporters.JUnitReportReporter -->
<testsuite hostname="Krishna-Godse.local" name="home.draw" tests="1" failures="0" timestamp="18 May 2018 12:29:01 GMT" time="37.088" errors="0">
  <testcase name="signIn" time="37.088" classname="home.draw"/>
</testsuite> <!-- home.draw -->
