<?xml version="1.0" encoding="UTF-8"?>
<!-- Generated by org.testng.reporters.JUnitReportReporter -->
<testsuite hostname="Sushant.local" name="home.TC004_earn_navigation" tests="1" failures="0" timestamp="6 Jun 2018 10:15:51 GMT" time="54.365" errors="0">
  <testcase name="earn_navigation_test" time="54.365" classname="home.TC004_earn_navigation"/>
</testsuite> <!-- home.TC004_earn_navigation -->
