<?xml version="1.0" encoding="UTF-8"?>
<!-- Generated by org.testng.reporters.JUnitReportReporter -->
<testsuite hostname="Sushant.local" name="winners.TC006_sportsq_detail_navigation" tests="1" failures="0" timestamp="7 Jun 2018 07:17:05 GMT" time="59.097" errors="0">
  <testcase name="winners_navigation_test" time="59.097" classname="winners.TC006_sportsq_detail_navigation"/>
</testsuite> <!-- winners.TC006_sportsq_detail_navigation -->
