<?xml version="1.0" encoding="UTF-8"?>
<!-- Generated by org.testng.reporters.JUnitReportReporter -->
<testsuite hostname="Sushant.local" name="onboarding.TC006_age_checkbox" tests="1" failures="0" timestamp="5 Jun 2018 08:13:02 GMT" time="28.916" errors="0">
  <testcase name="age_checkbox_test" time="28.916" classname="onboarding.TC006_age_checkbox"/>
</testsuite> <!-- onboarding.TC006_age_checkbox -->
