<?xml version="1.0" encoding="UTF-8"?>
<!-- Generated by org.testng.reporters.JUnitReportReporter -->
<testsuite hostname="Krishna-Godse.local" name="Quiz.TC001_particpateQuiz" tests="2" failures="0" timestamp="11 Jun 2018 07:24:59 GMT" time="48.999" errors="0">
  <testcase name="participateQuiz" time="20.655" classname="Quiz.TC001_particpateQuiz"/>
  <testcase name="signIn" time="28.344" classname="Quiz.TC001_particpateQuiz"/>
</testsuite> <!-- Quiz.TC001_particpateQuiz -->
