<?xml version="1.0" encoding="UTF-8"?>
<!-- Generated by org.testng.reporters.JUnitReportReporter -->
<testsuite hostname="Sushant.local" name="profile.TC006_valid_first_name" tests="1" failures="0" timestamp="23 Apr 2018 11:16:16 GMT" time="55.619" errors="0">
  <testcase name="profile_gallery_test" time="55.619" classname="profile.TC006_valid_first_name"/>
</testsuite> <!-- profile.TC006_valid_first_name -->
