<?xml version="1.0" encoding="UTF-8"?>
<!-- Generated by org.testng.reporters.JUnitReportReporter -->
<testsuite hostname="Sushant.local" name="profile.TC008_profile_valid_birthdate" tests="1" failures="0" timestamp="5 Jun 2018 10:38:39 GMT" time="77.563" errors="0">
  <testcase name="profile_gallery_test" time="77.563" classname="profile.TC008_profile_valid_birthdate"/>
</testsuite> <!-- profile.TC008_profile_valid_birthdate -->
