<?xml version="1.0" encoding="UTF-8"?>
<!-- Generated by org.testng.reporters.JUnitReportReporter -->
<testsuite hostname="Krishna-Godse.local" name="quiz.TC003_quizLeaderBoard" tests="2" failures="0" timestamp="11 Jun 2018 12:27:17 GMT" time="35.246" errors="0">
  <testcase name="signIn" time="23.971" classname="quiz.TC003_quizLeaderBoard"/>
  <testcase name="leaderBoard" time="11.275" classname="quiz.TC003_quizLeaderBoard"/>
</testsuite> <!-- quiz.TC003_quizLeaderBoard -->
