<?xml version="1.0" encoding="UTF-8"?>
<!-- Generated by org.testng.reporters.JUnitReportReporter -->
<testsuite hostname="Sushant.local" name="profile.TC015_profile_detail_occupation" tests="1" failures="0" timestamp="5 Jun 2018 10:38:39 GMT" time="66.344" errors="0">
  <testcase name="profile_gallery_test" time="66.344" classname="profile.TC015_profile_detail_occupation"/>
</testsuite> <!-- profile.TC015_profile_detail_occupation -->
