<?xml version="1.0" encoding="UTF-8"?>
<!-- Generated by org.testng.reporters.JUnitReportReporter -->
<testsuite hostname="Sushant.local" name="profile.TC004_profile_camera" tests="1" failures="0" timestamp="23 Apr 2018 07:02:53 GMT" time="41.872" errors="0">
  <testcase name="profile_gallery_test" time="41.872" classname="profile.TC004_profile_camera"/>
</testsuite> <!-- profile.TC004_profile_camera -->
