<?xml version="1.0" encoding="UTF-8"?>
<!-- Generated by org.testng.reporters.JUnitReportReporter -->
<testsuite hostname="Sushant.local" name="home.TC001_profile_navigation" tests="1" failures="0" timestamp="6 Jun 2018 10:15:51 GMT" time="54.306" errors="0">
  <testcase name="profile_navigation_test" time="54.306" classname="home.TC001_profile_navigation"/>
</testsuite> <!-- home.TC001_profile_navigation -->
