<?xml version="1.0" encoding="UTF-8"?>
<!-- Generated by org.testng.reporters.JUnitReportReporter -->
<testsuite hostname="Sushant.local" name="home.TC007_edit_profile_pic_navigation" tests="1" failures="0" timestamp="6 Jun 2018 10:15:51 GMT" time="55.006" errors="0">
  <testcase name="edit_profile_pic_test" time="55.006" classname="home.TC007_edit_profile_pic_navigation"/>
</testsuite> <!-- home.TC007_edit_profile_pic_navigation -->
