<?xml version="1.0" encoding="UTF-8"?>
<!-- Generated by org.testng.reporters.JUnitReportReporter -->
<testsuite hostname="Sushant.local" name="profile.TC007_valid_last_name" tests="1" failures="0" timestamp="23 Apr 2018 11:25:40 GMT" time="86.671" errors="0">
  <testcase name="profile_gallery_test" time="86.671" classname="profile.TC007_valid_last_name"/>
</testsuite> <!-- profile.TC007_valid_last_name -->
