<?xml version="1.0" encoding="UTF-8"?>
<!-- Generated by org.testng.reporters.JUnitReportReporter -->
<testsuite hostname="Krishna-Godse.local" name="sportsQ.TC001_particpatesportsQ" tests="2" failures="0" timestamp="12 Jun 2018 07:34:38 GMT" time="57.105" errors="0">
  <testcase name="signIn" time="29.730" classname="sportsQ.TC001_particpatesportsQ"/>
  <testcase name="participateFantasyContest" time="27.375" classname="sportsQ.TC001_particpatesportsQ"/>
</testsuite> <!-- sportsQ.TC001_particpatesportsQ -->
