<?xml version="1.0" encoding="UTF-8"?>
<!-- Generated by org.testng.reporters.JUnitReportReporter -->
<testsuite hostname="Sushant.local" name="profile.TC024_profile_feedback" tests="1" failures="0" timestamp="5 Jun 2018 10:38:39 GMT" time="58.632" errors="0">
  <testcase name="profile_gallery_test" time="58.632" classname="profile.TC024_profile_feedback"/>
</testsuite> <!-- profile.TC024_profile_feedback -->
