<?xml version="1.0" encoding="UTF-8"?>
<!-- Generated by org.testng.reporters.JUnitReportReporter -->
<testsuite hostname="Sushant.local" name="onboarding.TC024_coins_on_registration" tests="1" failures="0" timestamp="5 Jun 2018 08:13:02 GMT" time="68.037" errors="0">
  <testcase name="register_test" time="68.037" classname="onboarding.TC024_coins_on_registration"/>
</testsuite> <!-- onboarding.TC024_coins_on_registration -->
