<?xml version="1.0" encoding="UTF-8"?>
<!-- Generated by org.testng.reporters.JUnitReportReporter -->
<testsuite hostname="Sushant.local" name="onboarding.TC021_invalid_referral_code" tests="1" failures="0" timestamp="5 Jun 2018 08:13:02 GMT" time="75.123" errors="0">
  <testcase name="register_test" time="75.123" classname="onboarding.TC021_invalid_referral_code"/>
</testsuite> <!-- onboarding.TC021_invalid_referral_code -->
