<?xml version="1.0" encoding="UTF-8"?>
<!-- Generated by org.testng.reporters.JUnitReportReporter -->
<testsuite hostname="Sushant.local" name="profile.TC022_profile_notifications_setting" tests="1" failures="0" timestamp="5 Jun 2018 10:38:39 GMT" time="59.945" errors="0">
  <testcase name="profile_gallery_test" time="59.945" classname="profile.TC022_profile_notifications_setting"/>
</testsuite> <!-- profile.TC022_profile_notifications_setting -->
