<?xml version="1.0" encoding="UTF-8"?>
<!-- Generated by org.testng.reporters.JUnitReportReporter -->
<testsuite hostname="Sushant.local" name="profile.TC005_profile_gallery" tests="1" failures="0" timestamp="23 Apr 2018 07:12:00 GMT" time="36.299" errors="0">
  <testcase name="profile_gallery_test" time="36.299" classname="profile.TC005_profile_gallery"/>
</testsuite> <!-- profile.TC005_profile_gallery -->
