<?xml version="1.0" encoding="UTF-8"?>
<!-- Generated by org.testng.reporters.JUnitReportReporter -->
<testsuite hostname="Sushant.local" name="onboarding.TC012_resend_button_appears" tests="1" failures="0" timestamp="5 Jun 2018 08:13:02 GMT" time="40.763" errors="0">
  <testcase name="resend_button_appears_Test" time="40.763" classname="onboarding.TC012_resend_button_appears"/>
</testsuite> <!-- onboarding.TC012_resend_button_appears -->
