<?xml version="1.0" encoding="UTF-8"?>
<!-- Generated by org.testng.reporters.JUnitReportReporter -->
<testsuite hostname="Sushant.local" name="coins.TC001_buy_coins_navigation" tests="1" failures="0" timestamp="8 Jun 2018 10:20:38 GMT" time="60.159" errors="0">
  <testcase name="buy_coins_navigation_test" time="60.159" classname="coins.TC001_buy_coins_navigation"/>
</testsuite> <!-- coins.TC001_buy_coins_navigation -->
