<?xml version="1.0" encoding="UTF-8"?>
<!-- Generated by org.testng.reporters.JUnitReportReporter -->
<testsuite hostname="Sushant.local" name="profile.TC003_profile_luckycharms" tests="1" failures="0" timestamp="21 Apr 2018 10:27:12 GMT" time="38.581" errors="0">
  <testcase name="profile_navigation_Test" time="38.581" classname="profile.TC003_profile_luckycharms"/>
</testsuite> <!-- profile.TC003_profile_luckycharms -->
