<?xml version="1.0" encoding="UTF-8"?>
<!-- Generated by org.testng.reporters.JUnitReportReporter -->
<testsuite hostname="Krishna-Godse.local" name="sportsQ.TC007_refundedText" tests="2" failures="0" timestamp="12 Jun 2018 07:34:38 GMT" time="52.400" errors="0">
  <testcase name="refundedText" time="17.779" classname="sportsQ.TC007_refundedText"/>
  <testcase name="signIn" time="34.621" classname="sportsQ.TC007_refundedText"/>
</testsuite> <!-- sportsQ.TC007_refundedText -->
