<?xml version="1.0" encoding="UTF-8"?>
<!-- Generated by org.testng.reporters.JUnitReportReporter -->
<testsuite hostname="Sushant.local" name="onboarding.TC005_get_started_button" tests="1" failures="0" timestamp="5 Jun 2018 08:13:02 GMT" time="32.635" errors="0">
  <testcase name="skip_intro_button_test" time="32.635" classname="onboarding.TC005_get_started_button"/>
</testsuite> <!-- onboarding.TC005_get_started_button -->
