<?xml version="1.0" encoding="UTF-8"?>
<!-- Generated by org.testng.reporters.JUnitReportReporter -->
<testsuite hostname="Sushant.local" name="onboarding.TC010_edit_button" tests="1" failures="0" timestamp="5 Jun 2018 08:13:02 GMT" time="39.284" errors="0">
  <testcase name="edit_button_test" time="39.284" classname="onboarding.TC010_edit_button"/>
</testsuite> <!-- onboarding.TC010_edit_button -->
